2021-07-28 10:29:57,028 WARN  [SoapUI] Missing folder [C:\Shanthkumar\Full stack tester reskill\SoapuiProject\my-app\ext] for external libraries
2021-07-28 10:30:46,678 INFO  [DefaultSoapUICore] initialized soapui-settings from [C:\Users\ShanthkumarMunavalli\soapui-settings.xml]
2021-07-28 10:30:48,820 INFO  [WsdlProject] Loaded project from [file:/C:/Shanthkumar/Full%20stack%20tester%20reskill/SoapuiProject/my-app/calculator-soapui-project.xml]
2021-07-28 10:30:49,367 INFO  [SoapUITestCaseRunner] Running SoapUI tests in project [calculator]
2021-07-28 10:30:49,371 INFO  [SoapUITestCaseRunner] Running Project [calculator], runType = SEQUENTIAL
2021-07-28 10:30:49,406 INFO  [SoapUITestCaseRunner] Running SoapUI testcase [TestCase 1]
2021-07-28 10:30:49,450 INFO  [SoapUITestCaseRunner] running step [Add - Add 1]
2021-07-28 10:30:50,569 INFO  [SoapUITestCaseRunner] Assertion [SOAP Response] has status VALID
2021-07-28 10:30:50,569 INFO  [SoapUITestCaseRunner] running step [Divide - Divide 1]
2021-07-28 10:30:50,904 INFO  [SoapUITestCaseRunner] Assertion [SOAP Response] has status VALID
2021-07-28 10:30:50,904 INFO  [SoapUITestCaseRunner] running step [Multiply - Multiply 1]
2021-07-28 10:30:51,253 INFO  [SoapUITestCaseRunner] Assertion [SOAP Response] has status VALID
2021-07-28 10:30:51,253 INFO  [SoapUITestCaseRunner] running step [Subtract - Subtract 1]
2021-07-28 10:30:51,614 INFO  [SoapUITestCaseRunner] Assertion [SOAP Response] has status VALID
2021-07-28 10:30:51,614 INFO  [SoapUITestCaseRunner] Finished running SoapUI testcase [TestCase 1], time taken: 2137ms, status: FINISHED
2021-07-28 10:30:51,623 INFO  [SoapUITestCaseRunner] Running SoapUI testcase [TestCase 1]
2021-07-28 10:30:51,633 INFO  [SoapUITestCaseRunner] running step [Subtract - Subtract 1]
2021-07-28 10:30:51,993 INFO  [SoapUITestCaseRunner] Assertion [SOAP Response] has status VALID
2021-07-28 10:30:51,994 INFO  [SoapUITestCaseRunner] running step [Multiply - Multiply 1]
2021-07-28 10:30:52,326 INFO  [SoapUITestCaseRunner] Assertion [SOAP Response] has status VALID
2021-07-28 10:30:52,327 INFO  [SoapUITestCaseRunner] running step [Divide - Divide 1]
2021-07-28 10:30:52,668 INFO  [SoapUITestCaseRunner] Assertion [SOAP Response] has status VALID
2021-07-28 10:30:52,668 INFO  [SoapUITestCaseRunner] running step [Add - Add 2]
2021-07-28 10:30:53,017 INFO  [SoapUITestCaseRunner] Assertion [SOAP Response] has status VALID
2021-07-28 10:30:53,019 INFO  [SoapUITestCaseRunner] Finished running SoapUI testcase [TestCase 1], time taken: 1378ms, status: FINISHED
2021-07-28 10:30:53,022 INFO  [SoapUITestCaseRunner] Project [calculator] finished with status [FINISHED] in 3641ms
